0 info it worked if it ends with ok
1 verbose cli [ '/Users/denzel/.nvm/versions/node/v6.11.2/bin/node',
1 verbose cli   '/Users/denzel/.nvm/versions/node/v6.11.2/bin/npm',
1 verbose cli   'run',
1 verbose cli   'postinstall' ]
2 info using npm@3.10.10
3 info using node@v6.11.2
4 verbose run-script [ 'postinstall' ]
5 info lifecycle brewview@~postinstall: brewview@
6 verbose lifecycle brewview@~postinstall: unsafe-perm in lifecycle true
7 verbose lifecycle brewview@~postinstall: PATH: /Users/denzel/.nvm/versions/node/v6.11.2/lib/node_modules/npm/bin/node-gyp-bin:/Users/denzel/Documents/Learn.co/React-Portfolio-Project/node_modules/.bin:/Users/denzel/.rvm/gems/ruby-2.3.3/bin:/Users/denzel/.nvm/versions/node/v6.11.2/bin:/Users/denzel/.rvm/gems/ruby-2.3.3@global/bin:/Users/denzel/.rvm/rubies/ruby-2.3.3/bin:/Applications/Postgres.app/Contents/Versions/latest/bin:/usr/local:/usr/local/bin:/usr/local/sbin:/usr/bin:/bin:/usr/sbin:/sbin:/Users/denzel/.rvm/bin
8 verbose lifecycle brewview@~postinstall: CWD: /Users/denzel/Documents/Learn.co/React-Portfolio-Project
9 silly lifecycle brewview@~postinstall: Args: [ '-c',
9 silly lifecycle   'npm run build && npm run deploy && echo \'Client built!\'' ]
10 silly lifecycle brewview@~postinstall: Returned: code: 1  signal: null
11 info lifecycle brewview@~postinstall: Failed to exec postinstall script
12 verbose stack Error: brewview@ postinstall: `npm run build && npm run deploy && echo 'Client built!'`
12 verbose stack Exit status 1
12 verbose stack     at EventEmitter.<anonymous> (/Users/denzel/.nvm/versions/node/v6.11.2/lib/node_modules/npm/lib/utils/lifecycle.js:255:16)
12 verbose stack     at emitTwo (events.js:106:13)
12 verbose stack     at EventEmitter.emit (events.js:191:7)
12 verbose stack     at ChildProcess.<anonymous> (/Users/denzel/.nvm/versions/node/v6.11.2/lib/node_modules/npm/lib/utils/spawn.js:40:14)
12 verbose stack     at emitTwo (events.js:106:13)
12 verbose stack     at ChildProcess.emit (events.js:191:7)
12 verbose stack     at maybeClose (internal/child_process.js:891:16)
12 verbose stack     at Process.ChildProcess._handle.onexit (internal/child_process.js:226:5)
13 verbose pkgid brewview@
14 verbose cwd /Users/denzel/Documents/Learn.co/React-Portfolio-Project
15 error Darwin 16.7.0
16 error argv "/Users/denzel/.nvm/versions/node/v6.11.2/bin/node" "/Users/denzel/.nvm/versions/node/v6.11.2/bin/npm" "run" "postinstall"
17 error node v6.11.2
18 error npm  v3.10.10
19 error code ELIFECYCLE
20 error brewview@ postinstall: `npm run build && npm run deploy && echo 'Client built!'`
20 error Exit status 1
21 error Failed at the brewview@ postinstall script 'npm run build && npm run deploy && echo 'Client built!''.
21 error Make sure you have the latest version of node.js and npm installed.
21 error If you do, this is most likely a problem with the brewview package,
21 error not with npm itself.
21 error Tell the author that this fails on your system:
21 error     npm run build && npm run deploy && echo 'Client built!'
21 error You can get information on how to open an issue for this project with:
21 error     npm bugs brewview
21 error Or if that isn't available, you can get their info via:
21 error     npm owner ls brewview
21 error There is likely additional logging output above.
22 verbose exit [ 1, true ]
